# JRE version: OpenJDK Runtime Environment (8.0_112-b06) (build 1.8.0_112-release-b06)
# Java VM: OpenJDK 64-Bit Server VM (25.112-b06 mixed mode windows-amd64 compressed oops)
Heap:
 PSYoungGen      total 27648K, used 16550K [0x00000000d5580000, 0x00000000d7b80000, 0x0000000100000000)
  eden space 22528K, 52% used [0x00000000d5580000,0x00000000d61195b8,0x00000000d6b80000)
  from space 5120K, 91% used [0x00000000d6b80000,0x00000000d7010368,0x00000000d7080000)
  to   space 8192K, 0% used [0x00000000d7380000,0x00000000d7380000,0x00000000d7b80000)
 ParOldGen       total 43008K, used 9802K [0x0000000080000000, 0x0000000082a00000, 0x00000000d5580000)
  object space 43008K, 22% used [0x0000000080000000,0x0000000080992b48,0x0000000082a00000)
 Metaspace       used 26819K, capacity 27370K, committed 27520K, reserved 1073152K
  class space    used 3753K, capacity 3910K, committed 3968K, reserved 1048576K
GC Heap History (10 events):
Event: 33.220 GC heap before
{Heap before GC invocations=6 (full 0):
 PSYoungGen      total 27136K, used 16896K [0x00000000d5580000, 0x00000000d7d80000, 0x0000000100000000)
  eden space 23552K, 56% used [0x00000000d5580000,0x00000000d6284110,0x00000000d6c80000)
  from space 3584K, 99% used [0x00000000d6d00000,0x00000000d707c010,0x00000000d7080000)
  to   space 8704K, 0% used [0x00000000d7500000,0x00000000d7500000,0x00000000d7d80000)
 ParOldGen       total 62976K, used 9086K [0x0000000080000000, 0x0000000083d80000, 0x00000000d5580000)
  object space 62976K, 14% used [0x0000000080000000,0x00000000808dfb80,0x0000000083d80000)
 Metaspace       used 20821K, capacity 21128K, committed 21248K, reserved 1067008K
  class space    used 2831K, capacity 2973K, committed 3072K, reserved 1048576K
Event: 33.229 GC heap after
Heap after GC invocations=6 (full 0):
 PSYoungGen      total 31232K, used 5789K [0x00000000d5580000, 0x00000000d7d00000, 0x0000000100000000)
  eden space 23040K, 0% used [0x00000000d5580000,0x00000000d5580000,0x00000000d6c00000)
  from space 8192K, 70% used [0x00000000d7500000,0x00000000d7aa75e8,0x00000000d7d00000)
  to   space 8704K, 0% used [0x00000000d6c00000,0x00000000d6c00000,0x00000000d7480000)
 ParOldGen       total 62976K, used 9094K [0x0000000080000000, 0x0000000083d80000, 0x00000000d5580000)
  object space 62976K, 14% used [0x0000000080000000,0x00000000808e1b80,0x0000000083d80000)
 Metaspace       used 20821K, capacity 21128K, committed 21248K, reserved 1067008K
  class space    used 2831K, capacity 2973K, committed 3072K, reserved 1048576K
}
Event: 33.229 GC heap before
{Heap before GC invocations=7 (full 1):
 PSYoungGen      total 31232K, used 5789K [0x00000000d5580000, 0x00000000d7d00000, 0x0000000100000000)
  eden space 23040K, 0% used [0x00000000d5580000,0x00000000d5580000,0x00000000d6c00000)
  from space 8192K, 70% used [0x00000000d7500000,0x00000000d7aa75e8,0x00000000d7d00000)
  to   space 8704K, 0% used [0x00000000d6c00000,0x00000000d6c00000,0x00000000d7480000)
 ParOldGen       total 62976K, used 9094K [0x0000000080000000, 0x0000000083d80000, 0x00000000d5580000)
  object space 62976K, 14% used [0x0000000080000000,0x00000000808e1b80,0x0000000083d80000)
 Metaspace       used 20821K, capacity 21128K, committed 21248K, reserved 1067008K
  class space    used 2831K, capacity 2973K, committed 3072K, reserved 1048576K
Event: 33.280 GC heap after
Heap after GC invocations=7 (full 1):
 PSYoungGen      total 31232K, used 0K [0x00000000d5580000, 0x00000000d7d00000, 0x0000000100000000)
  eden space 23040K, 0% used [0x00000000d5580000,0x00000000d5580000,0x00000000d6c00000)
  from space 8192K, 0% used [0x00000000d7500000,0x00000000d7500000,0x00000000d7d00000)
  to   space 8704K, 0% used [0x00000000d6c00000,0x00000000d6c00000,0x00000000d7480000)
 ParOldGen       total 43008K, used 9778K [0x0000000080000000, 0x0000000082a00000, 0x00000000d5580000)
  object space 43008K, 22% used [0x0000000080000000,0x000000008098cb48,0x0000000082a00000)
 Metaspace       used 20821K, capacity 21128K, committed 21248K, reserved 1067008K
  class space    used 2831K, capacity 2973K, committed 3072K, reserved 1048576K
}
Event: 34.061 GC heap before
{Heap before GC invocations=8 (full 1):
 PSYoungGen      total 31232K, used 23040K [0x00000000d5580000, 0x00000000d7d00000, 0x0000000100000000)
  eden space 23040K, 100% used [0x00000000d5580000,0x00000000d6c00000,0x00000000d6c00000)
  from space 8192K, 0% used [0x00000000d7500000,0x00000000d7500000,0x00000000d7d00000)
  to   space 8704K, 0% used [0x00000000d6c00000,0x00000000d6c00000,0x00000000d7480000)
 ParOldGen       total 43008K, used 9778K [0x0000000080000000, 0x0000000082a00000, 0x00000000d5580000)
  object space 43008K, 22% used [0x0000000080000000,0x000000008098cb48,0x0000000082a00000)
 Metaspace       used 22719K, capacity 23106K, committed 23168K, reserved 1069056K
  class space    used 3039K, capacity 3179K, committed 3200K, reserved 1048576K
Event: 34.065 GC heap after
Heap after GC invocations=8 (full 1):
 PSYoungGen      total 25088K, used 2316K [0x00000000d5580000, 0x00000000d7c80000, 0x0000000100000000)
  eden space 22528K, 0% used [0x00000000d5580000,0x00000000d5580000,0x00000000d6b80000)
  from space 2560K, 90% used [0x00000000d6c00000,0x00000000d6e43258,0x00000000d6e80000)
  to   space 8704K, 0% used [0x00000000d7400000,0x00000000d7400000,0x00000000d7c80000)
 ParOldGen       total 43008K, used 9786K [0x0000000080000000, 0x0000000082a00000, 0x00000000d5580000)
  object space 43008K, 22% used [0x0000000080000000,0x000000008098eb48,0x0000000082a00000)
 Metaspace       used 22719K, capacity 23106K, committed 23168K, reserved 1069056K
  class space    used 3039K, capacity 3179K, committed 3200K, reserved 1048576K
}
Event: 34.415 GC heap before
{Heap before GC invocations=9 (full 1):
 PSYoungGen      total 25088K, used 24844K [0x00000000d5580000, 0x00000000d7c80000, 0x0000000100000000)
  eden space 22528K, 100% used [0x00000000d5580000,0x00000000d6b80000,0x00000000d6b80000)
  from space 2560K, 90% used [0x00000000d6c00000,0x00000000d6e43258,0x00000000d6e80000)
  to   space 8704K, 0% used [0x00000000d7400000,0x00000000d7400000,0x00000000d7c80000)
 ParOldGen       total 43008K, used 9786K [0x0000000080000000, 0x0000000082a00000, 0x00000000d5580000)
  object space 43008K, 22% used [0x0000000080000000,0x000000008098eb48,0x0000000082a00000)
 Metaspace       used 24374K, capacity 24846K, committed 25088K, reserved 1071104K
  class space    used 3329K, capacity 3501K, committed 3584K, reserved 1048576K
Event: 34.419 GC heap after
Heap after GC invocations=9 (full 1):
 PSYoungGen      total 31232K, used 3196K [0x00000000d5580000, 0x00000000d7c80000, 0x0000000100000000)
  eden space 22528K, 0% used [0x00000000d5580000,0x00000000d5580000,0x00000000d6b80000)
  from space 8704K, 36% used [0x00000000d7400000,0x00000000d771f198,0x00000000d7c80000)
  to   space 8704K, 0% used [0x00000000d6b80000,0x00000000d6b80000,0x00000000d7400000)
 ParOldGen       total 43008K, used 9794K [0x0000000080000000, 0x0000000082a00000, 0x00000000d5580000)
  object space 43008K, 22% used [0x0000000080000000,0x0000000080990b48,0x0000000082a00000)
 Metaspace       used 24374K, capacity 24846K, committed 25088K, reserved 1071104K
  class space    used 3329K, capacity 3501K, committed 3584K, reserved 1048576K
}
Event: 35.504 GC heap before
{Heap before GC invocations=10 (full 1):
 PSYoungGen      total 31232K, used 25724K [0x00000000d5580000, 0x00000000d7c80000, 0x0000000100000000)
  eden space 22528K, 100% used [0x00000000d5580000,0x00000000d6b80000,0x00000000d6b80000)
  from space 8704K, 36% used [0x00000000d7400000,0x00000000d771f198,0x00000000d7c80000)
  to   space 8704K, 0% used [0x00000000d6b80000,0x00000000d6b80000,0x00000000d7400000)
 ParOldGen       total 43008K, used 9794K [0x0000000080000000, 0x0000000082a00000, 0x00000000d5580000)
  object space 43008K, 22% used [0x0000000080000000,0x0000000080990b48,0x0000000082a00000)
 Metaspace       used 26202K, capacity 26736K, committed 26880K, reserved 1073152K
  class space    used 3646K, capacity 3808K, committed 3840K, reserved 1048576K
Event: 35.509 GC heap after
Heap after GC invocations=10 (full 1):
 PSYoungGen      total 27648K, used 4672K [0x00000000d5580000, 0x00000000d7b80000, 0x0000000100000000)
  eden space 22528K, 0% used [0x00000000d5580000,0x00000000d5580000,0x00000000d6b80000)
  from space 5120K, 91% used [0x00000000d6b80000,0x00000000d7010368,0x00000000d7080000)
  to   space 8192K, 0% used [0x00000000d7380000,0x00000000d7380000,0x00000000d7b80000)
 ParOldGen       total 43008K, used 9802K [0x0000000080000000, 0x0000000082a00000, 0x00000000d5580000)
  object space 43008K, 22% used [0x0000000080000000,0x0000000080992b48,0x0000000082a00000)
 Metaspace       used 26202K, capacity 26736K, committed 26880K, reserved 1073152K
  class space    used 3646K, capacity 3808K, committed 3840K, reserved 1048576K
}

