# JRE version: OpenJDK Runtime Environment (8.0_112-b06) (build 1.8.0_112-release-b06)
# Java VM: OpenJDK 64-Bit Server VM (25.112-b06 mixed mode windows-amd64 compressed oops)
Heap:
 PSYoungGen      total 532480K, used 532435K [0x00000000d5580000, 0x0000000100000000, 0x0000000100000000)
  eden space 388096K, 100% used [0x00000000d5580000,0x00000000ed080000,0x00000000ed080000)
  from space 144384K, 99% used [0x00000000ed080000,0x00000000f5d74d90,0x00000000f5d80000)
  to   space 166400K, 99% used [0x00000000f5d80000,0x00000000ffffbb28,0x0000000100000000)
 ParOldGen       total 1398272K, used 1044404K [0x0000000080000000, 0x00000000d5580000, 0x00000000d5580000)
  object space 1398272K, 74% used [0x0000000080000000,0x00000000bfbed048,0x00000000d5580000)
 Metaspace       used 115214K, capacity 123324K, committed 124120K, reserved 1159168K
  class space    used 13569K, capacity 14877K, committed 15064K, reserved 1048576K
GC Heap History (10 events):
Event: 5015.769 GC heap after
Heap after GC invocations=745 (full 36):
 PSYoungGen      total 514560K, used 49265K [0x00000000d5580000, 0x00000000ff180000, 0x0000000100000000)
  eden space 349184K, 0% used [0x00000000d5580000,0x00000000d5580000,0x00000000eaa80000)
  from space 165376K, 29% used [0x00000000eaa80000,0x00000000eda9c438,0x00000000f4c00000)
  to   space 156160K, 0% used [0x00000000f5900000,0x00000000f5900000,0x00000000ff180000)
 ParOldGen       total 1398272K, used 1029999K [0x0000000080000000, 0x00000000d5580000, 0x00000000d5580000)
  object space 1398272K, 73% used [0x0000000080000000,0x00000000beddbce0,0x00000000d5580000)
 Metaspace       used 115210K, capacity 123324K, committed 124120K, reserved 1159168K
  class space    used 13569K, capacity 14877K, committed 15064K, reserved 1048576K
}
Event: 5022.706 GC heap before
{Heap before GC invocations=746 (full 36):
 PSYoungGen      total 514560K, used 398449K [0x00000000d5580000, 0x00000000ff180000, 0x0000000100000000)
  eden space 349184K, 100% used [0x00000000d5580000,0x00000000eaa80000,0x00000000eaa80000)
  from space 165376K, 29% used [0x00000000eaa80000,0x00000000eda9c438,0x00000000f4c00000)
  to   space 156160K, 0% used [0x00000000f5900000,0x00000000f5900000,0x00000000ff180000)
 ParOldGen       total 1398272K, used 1029999K [0x0000000080000000, 0x00000000d5580000, 0x00000000d5580000)
  object space 1398272K, 73% used [0x0000000080000000,0x00000000beddbce0,0x00000000d5580000)
 Metaspace       used 115210K, capacity 123324K, committed 124120K, reserved 1159168K
  class space    used 13569K, capacity 14877K, committed 15064K, reserved 1048576K
Event: 5022.869 GC heap after
Heap after GC invocations=746 (full 36):
 PSYoungGen      total 525824K, used 89980K [0x00000000d5580000, 0x00000000ffb00000, 0x0000000100000000)
  eden space 369664K, 0% used [0x00000000d5580000,0x00000000d5580000,0x00000000ebe80000)
  from space 156160K, 57% used [0x00000000f5900000,0x00000000fb0df088,0x00000000ff180000)
  to   space 158208K, 0% used [0x00000000ebe80000,0x00000000ebe80000,0x00000000f5900000)
 ParOldGen       total 1398272K, used 1029999K [0x0000000080000000, 0x00000000d5580000, 0x00000000d5580000)
  object space 1398272K, 73% used [0x0000000080000000,0x00000000beddbce0,0x00000000d5580000)
 Metaspace       used 115210K, capacity 123324K, committed 124120K, reserved 1159168K
  class space    used 13569K, capacity 14877K, committed 15064K, reserved 1048576K
}
Event: 5024.400 GC heap before
{Heap before GC invocations=747 (full 36):
 PSYoungGen      total 525824K, used 459644K [0x00000000d5580000, 0x00000000ffb00000, 0x0000000100000000)
  eden space 369664K, 100% used [0x00000000d5580000,0x00000000ebe80000,0x00000000ebe80000)
  from space 156160K, 57% used [0x00000000f5900000,0x00000000fb0df088,0x00000000ff180000)
  to   space 158208K, 0% used [0x00000000ebe80000,0x00000000ebe80000,0x00000000f5900000)
 ParOldGen       total 1398272K, used 1029999K [0x0000000080000000, 0x00000000d5580000, 0x00000000d5580000)
  object space 1398272K, 73% used [0x0000000080000000,0x00000000beddbce0,0x00000000d5580000)
 Metaspace       used 115214K, capacity 123324K, committed 124120K, reserved 1159168K
  class space    used 13569K, capacity 14877K, committed 15064K, reserved 1048576K
Event: 5024.503 GC heap after
Heap after GC invocations=747 (full 36):
 PSYoungGen      total 527872K, used 60963K [0x00000000d5580000, 0x00000000fef00000, 0x0000000100000000)
  eden space 369664K, 0% used [0x00000000d5580000,0x00000000d5580000,0x00000000ebe80000)
  from space 158208K, 38% used [0x00000000ebe80000,0x00000000efa08e18,0x00000000f5900000)
  to   space 148480K, 0% used [0x00000000f5e00000,0x00000000f5e00000,0x00000000fef00000)
 ParOldGen       total 1398272K, used 1030007K [0x0000000080000000, 0x00000000d5580000, 0x00000000d5580000)
  object space 1398272K, 73% used [0x0000000080000000,0x00000000bedddce0,0x00000000d5580000)
 Metaspace       used 115214K, capacity 123324K, committed 124120K, reserved 1159168K
  class space    used 13569K, capacity 14877K, committed 15064K, reserved 1048576K
}
Event: 5025.256 GC heap before
{Heap before GC invocations=748 (full 36):
 PSYoungGen      total 527872K, used 430627K [0x00000000d5580000, 0x00000000fef00000, 0x0000000100000000)
  eden space 369664K, 100% used [0x00000000d5580000,0x00000000ebe80000,0x00000000ebe80000)
  from space 158208K, 38% used [0x00000000ebe80000,0x00000000efa08e18,0x00000000f5900000)
  to   space 148480K, 0% used [0x00000000f5e00000,0x00000000f5e00000,0x00000000fef00000)
 ParOldGen       total 1398272K, used 1030007K [0x0000000080000000, 0x00000000d5580000, 0x00000000d5580000)
  object space 1398272K, 73% used [0x0000000080000000,0x00000000bedddce0,0x00000000d5580000)
 Metaspace       used 115214K, capacity 123324K, committed 124120K, reserved 1159168K
  class space    used 13569K, capacity 14877K, committed 15064K, reserved 1048576K
Event: 5025.349 GC heap after
Heap after GC invocations=748 (full 36):
 PSYoungGen      total 536576K, used 74124K [0x00000000d5580000, 0x00000000fef80000, 0x0000000100000000)
  eden space 388096K, 0% used [0x00000000d5580000,0x00000000d5580000,0x00000000ed080000)
  from space 148480K, 49% used [0x00000000f5e00000,0x00000000fa663198,0x00000000fef00000)
  to   space 144896K, 0% used [0x00000000ed080000,0x00000000ed080000,0x00000000f5e00000)
 ParOldGen       total 1398272K, used 1030007K [0x0000000080000000, 0x00000000d5580000, 0x00000000d5580000)
  object space 1398272K, 73% used [0x0000000080000000,0x00000000bedddce0,0x00000000d5580000)
 Metaspace       used 115214K, capacity 123324K, committed 124120K, reserved 1159168K
  class space    used 13569K, capacity 14877K, committed 15064K, reserved 1048576K
}
Event: 5026.577 GC heap before
{Heap before GC invocations=749 (full 36):
 PSYoungGen      total 536576K, used 462220K [0x00000000d5580000, 0x00000000fef80000, 0x0000000100000000)
  eden space 388096K, 100% used [0x00000000d5580000,0x00000000ed080000,0x00000000ed080000)
  from space 148480K, 49% used [0x00000000f5e00000,0x00000000fa663198,0x00000000fef00000)
  to   space 144896K, 0% used [0x00000000ed080000,0x00000000ed080000,0x00000000f5e00000)
 ParOldGen       total 1398272K, used 1030007K [0x0000000080000000, 0x00000000d5580000, 0x00000000d5580000)
  object space 1398272K, 73% used [0x0000000080000000,0x00000000bedddce0,0x00000000d5580000)
 Metaspace       used 115214K, capacity 123324K, committed 124120K, reserved 1159168K
  class space    used 13569K, capacity 14877K, committed 15064K, reserved 1048576K
Event: 5026.790 GC heap after
Heap after GC invocations=749 (full 36):
 PSYoungGen      total 532480K, used 144339K [0x00000000d5580000, 0x0000000100000000, 0x0000000100000000)
  eden space 388096K, 0% used [0x00000000d5580000,0x00000000d5580000,0x00000000ed080000)
  from space 144384K, 99% used [0x00000000ed080000,0x00000000f5d74d90,0x00000000f5d80000)
  to   space 166400K, 0% used [0x00000000f5d80000,0x00000000f5d80000,0x0000000100000000)
 ParOldGen       total 1398272K, used 1030007K [0x0000000080000000, 0x00000000d5580000, 0x00000000d5580000)
  object space 1398272K, 73% used [0x0000000080000000,0x00000000bedddce0,0x00000000d5580000)
 Metaspace       used 115214K, capacity 123324K, committed 124120K, reserved 1159168K
  class space    used 13569K, capacity 14877K, committed 15064K, reserved 1048576K
}
Event: 5027.963 GC heap before
{Heap before GC invocations=750 (full 36):
 PSYoungGen      total 532480K, used 532435K [0x00000000d5580000, 0x0000000100000000, 0x0000000100000000)
  eden space 388096K, 100% used [0x00000000d5580000,0x00000000ed080000,0x00000000ed080000)
  from space 144384K, 99% used [0x00000000ed080000,0x00000000f5d74d90,0x00000000f5d80000)
  to   space 166400K, 0% used [0x00000000f5d80000,0x00000000f5d80000,0x0000000100000000)
 ParOldGen       total 1398272K, used 1030007K [0x0000000080000000, 0x00000000d5580000, 0x00000000d5580000)
  object space 1398272K, 73% used [0x0000000080000000,0x00000000bedddce0,0x00000000d5580000)
 Metaspace       used 115214K, capacity 123324K, committed 124120K, reserved 1159168K
  class space    used 13569K, capacity 14877K, committed 15064K, reserved 1048576K

