# JRE version: Java(TM) SE Runtime Environment (8.0_91-b15) (build 1.8.0_91-b15)
# Java VM: Java HotSpot(TM) 64-Bit Server VM (25.91-b15 mixed mode windows-amd64 compressed oops)
Heap:
 PSYoungGen      total 931840K, used 367557K [0x000000076ab00000, 0x00000007c0000000, 0x00000007c0000000)
  eden space 465920K, 78% used [0x000000076ab00000,0x00000007811f14f8,0x0000000787200000)
  from space 465920K, 0% used [0x00000007a3900000,0x00000007a3900000,0x00000007c0000000)
  to   space 465920K, 0% used [0x0000000787200000,0x0000000787200000,0x00000007a3900000)
 ParOldGen       total 1849344K, used 1453207K [0x00000006c0000000, 0x0000000730e00000, 0x000000076ab00000)
  object space 1849344K, 78% used [0x00000006c0000000,0x0000000718b25ca0,0x0000000730e00000)
 Metaspace       used 27874K, capacity 28058K, committed 28288K, reserved 1075200K
  class space    used 3090K, capacity 3123K, committed 3200K, reserved 1048576K
GC Heap History (10 events):
Event: 143.776 GC heap before
{Heap before GC invocations=58 (full 36):
 PSYoungGen      total 931840K, used 465920K [0x000000076ab00000, 0x00000007c0000000, 0x00000007c0000000)
  eden space 465920K, 100% used [0x000000076ab00000,0x0000000787200000,0x0000000787200000)
  from space 465920K, 0% used [0x00000007a3900000,0x00000007a3900000,0x00000007c0000000)
  to   space 465920K, 0% used [0x0000000787200000,0x0000000787200000,0x00000007a3900000)
 ParOldGen       total 1849344K, used 1684898K [0x00000006c0000000, 0x0000000730e00000, 0x000000076ab00000)
  object space 1849344K, 91% used [0x00000006c0000000,0x0000000726d68918,0x0000000730e00000)
 Metaspace       used 26932K, capacity 27130K, committed 27520K, reserved 1073152K
  class space    used 3043K, capacity 3091K, committed 3200K, reserved 1048576K
Event: 145.763 GC heap after
Heap after GC invocations=58 (full 36):
 PSYoungGen      total 931840K, used 0K [0x000000076ab00000, 0x00000007c0000000, 0x00000007c0000000)
  eden space 465920K, 0% used [0x000000076ab00000,0x000000076ab00000,0x0000000787200000)
  from space 465920K, 0% used [0x00000007a3900000,0x00000007a3900000,0x00000007c0000000)
  to   space 465920K, 0% used [0x0000000787200000,0x0000000787200000,0x00000007a3900000)
 ParOldGen       total 1849344K, used 1640840K [0x00000006c0000000, 0x0000000730e00000, 0x000000076ab00000)
  object space 1849344K, 88% used [0x00000006c0000000,0x0000000724262338,0x0000000730e00000)
 Metaspace       used 26932K, capacity 27130K, committed 27520K, reserved 1073152K
  class space    used 3043K, capacity 3091K, committed 3200K, reserved 1048576K
}
Event: 146.135 GC heap before
{Heap before GC invocations=59 (full 37):
 PSYoungGen      total 931840K, used 465920K [0x000000076ab00000, 0x00000007c0000000, 0x00000007c0000000)
  eden space 465920K, 100% used [0x000000076ab00000,0x0000000787200000,0x0000000787200000)
  from space 465920K, 0% used [0x00000007a3900000,0x00000007a3900000,0x00000007c0000000)
  to   space 465920K, 0% used [0x0000000787200000,0x0000000787200000,0x00000007a3900000)
 ParOldGen       total 1849344K, used 1640840K [0x00000006c0000000, 0x0000000730e00000, 0x000000076ab00000)
  object space 1849344K, 88% used [0x00000006c0000000,0x0000000724262338,0x0000000730e00000)
 Metaspace       used 26932K, capacity 27130K, committed 27520K, reserved 1073152K
  class space    used 3043K, capacity 3091K, committed 3200K, reserved 1048576K
Event: 148.395 GC heap after
Heap after GC invocations=59 (full 37):
 PSYoungGen      total 931840K, used 0K [0x000000076ab00000, 0x00000007c0000000, 0x00000007c0000000)
  eden space 465920K, 0% used [0x000000076ab00000,0x000000076ab00000,0x0000000787200000)
  from space 465920K, 0% used [0x00000007a3900000,0x00000007a3900000,0x00000007c0000000)
  to   space 465920K, 0% used [0x0000000787200000,0x0000000787200000,0x00000007a3900000)
 ParOldGen       total 1849344K, used 1522344K [0x00000006c0000000, 0x0000000730e00000, 0x000000076ab00000)
  object space 1849344K, 82% used [0x00000006c0000000,0x000000071ceaa248,0x0000000730e00000)
 Metaspace       used 26932K, capacity 27130K, committed 27520K, reserved 1073152K
  class space    used 3043K, capacity 3091K, committed 3200K, reserved 1048576K
}
Event: 148.695 GC heap before
{Heap before GC invocations=60 (full 37):
 PSYoungGen      total 931840K, used 465920K [0x000000076ab00000, 0x00000007c0000000, 0x00000007c0000000)
  eden space 465920K, 100% used [0x000000076ab00000,0x0000000787200000,0x0000000787200000)
  from space 465920K, 0% used [0x00000007a3900000,0x00000007a3900000,0x00000007c0000000)
  to   space 465920K, 0% used [0x0000000787200000,0x0000000787200000,0x00000007a3900000)
 ParOldGen       total 1849344K, used 1522344K [0x00000006c0000000, 0x0000000730e00000, 0x000000076ab00000)
  object space 1849344K, 82% used [0x00000006c0000000,0x000000071ceaa248,0x0000000730e00000)
 Metaspace       used 26932K, capacity 27130K, committed 27520K, reserved 1073152K
  class space    used 3043K, capacity 3091K, committed 3200K, reserved 1048576K
Event: 148.722 GC heap after
Heap after GC invocations=60 (full 37):
 PSYoungGen      total 931840K, used 44739K [0x000000076ab00000, 0x00000007c0000000, 0x00000007c0000000)
  eden space 465920K, 0% used [0x000000076ab00000,0x000000076ab00000,0x0000000787200000)
  from space 465920K, 9% used [0x0000000787200000,0x0000000789db0cb8,0x00000007a3900000)
  to   space 465920K, 0% used [0x00000007a3900000,0x00000007a3900000,0x00000007c0000000)
 ParOldGen       total 1849344K, used 1522344K [0x00000006c0000000, 0x0000000730e00000, 0x000000076ab00000)
  object space 1849344K, 82% used [0x00000006c0000000,0x000000071ceaa248,0x0000000730e00000)
 Metaspace       used 26932K, capacity 27130K, committed 27520K, reserved 1073152K
  class space    used 3043K, capacity 3091K, committed 3200K, reserved 1048576K
}
Event: 149.034 GC heap before
{Heap before GC invocations=61 (full 37):
 PSYoungGen      total 931840K, used 510659K [0x000000076ab00000, 0x00000007c0000000, 0x00000007c0000000)
  eden space 465920K, 100% used [0x000000076ab00000,0x0000000787200000,0x0000000787200000)
  from space 465920K, 9% used [0x0000000787200000,0x0000000789db0cb8,0x00000007a3900000)
  to   space 465920K, 0% used [0x00000007a3900000,0x00000007a3900000,0x00000007c0000000)
 ParOldGen       total 1849344K, used 1522344K [0x00000006c0000000, 0x0000000730e00000, 0x000000076ab00000)
  object space 1849344K, 82% used [0x00000006c0000000,0x000000071ceaa248,0x0000000730e00000)
 Metaspace       used 26932K, capacity 27130K, committed 27520K, reserved 1073152K
  class space    used 3043K, capacity 3091K, committed 3200K, reserved 1048576K
Event: 149.083 GC heap after
Heap after GC invocations=61 (full 37):
 PSYoungGen      total 931840K, used 50558K [0x000000076ab00000, 0x00000007c0000000, 0x00000007c0000000)
  eden space 465920K, 0% used [0x000000076ab00000,0x000000076ab00000,0x0000000787200000)
  from space 465920K, 10% used [0x00000007a3900000,0x00000007a6a5fb68,0x00000007c0000000)
  to   space 465920K, 0% used [0x0000000787200000,0x0000000787200000,0x00000007a3900000)
 ParOldGen       total 1849344K, used 1566687K [0x00000006c0000000, 0x0000000730e00000, 0x000000076ab00000)
  object space 1849344K, 84% used [0x00000006c0000000,0x000000071f9f7c20,0x0000000730e00000)
 Metaspace       used 26932K, capacity 27130K, committed 27520K, reserved 1073152K
  class space    used 3043K, capacity 3091K, committed 3200K, reserved 1048576K
}
Event: 149.083 GC heap before
{Heap before GC invocations=62 (full 38):
 PSYoungGen      total 931840K, used 50558K [0x000000076ab00000, 0x00000007c0000000, 0x00000007c0000000)
  eden space 465920K, 0% used [0x000000076ab00000,0x000000076ab00000,0x0000000787200000)
  from space 465920K, 10% used [0x00000007a3900000,0x00000007a6a5fb68,0x00000007c0000000)
  to   space 465920K, 0% used [0x0000000787200000,0x0000000787200000,0x00000007a3900000)
 ParOldGen       total 1849344K, used 1566687K [0x00000006c0000000, 0x0000000730e00000, 0x000000076ab00000)
  object space 1849344K, 84% used [0x00000006c0000000,0x000000071f9f7c20,0x0000000730e00000)
 Metaspace       used 26932K, capacity 27130K, committed 27520K, reserved 1073152K
  class space    used 3043K, capacity 3091K, committed 3200K, reserved 1048576K
Event: 151.199 GC heap after
Heap after GC invocations=62 (full 38):
 PSYoungGen      total 931840K, used 0K [0x000000076ab00000, 0x00000007c0000000, 0x00000007c0000000)
  eden space 465920K, 0% used [0x000000076ab00000,0x000000076ab00000,0x0000000787200000)
  from space 465920K, 0% used [0x00000007a3900000,0x00000007a3900000,0x00000007c0000000)
  to   space 465920K, 0% used [0x0000000787200000,0x0000000787200000,0x00000007a3900000)
 ParOldGen       total 1849344K, used 1453207K [0x00000006c0000000, 0x0000000730e00000, 0x000000076ab00000)
  object space 1849344K, 78% used [0x00000006c0000000,0x0000000718b25ca0,0x0000000730e00000)
 Metaspace       used 26932K, capacity 27130K, committed 27520K, reserved 1073152K
  class space    used 3043K, capacity 3091K, committed 3200K, reserved 1048576K
}

